0 info it worked if it ends with ok
1 verbose cli [ 'node', '/usr/local/bin/npm', 'run', 'build' ]
2 info using npm@2.5.1
3 info using node@v0.12.0
4 verbose run-script [ 'prebuild', 'build', 'postbuild' ]
5 info prebuild spectra-data@1.0.0
6 info build spectra-data@1.0.0
7 verbose unsafe-perm in lifecycle true
8 info spectra-data@1.0.0 Failed to exec build script
9 verbose stack Error: spectra-data@1.0.0 build: `gulp build`
9 verbose stack Exit status 127
9 verbose stack     at EventEmitter.<anonymous> (/usr/local/lib/node_modules/npm/lib/utils/lifecycle.js:213:16)
9 verbose stack     at EventEmitter.emit (events.js:110:17)
9 verbose stack     at ChildProcess.<anonymous> (/usr/local/lib/node_modules/npm/lib/utils/spawn.js:14:12)
9 verbose stack     at ChildProcess.emit (events.js:110:17)
9 verbose stack     at maybeClose (child_process.js:1008:16)
9 verbose stack     at Process.ChildProcess._handle.onexit (child_process.js:1080:5)
10 verbose pkgid spectra-data@1.0.0
11 verbose cwd /Users/lpatiny/git/cheminfo-js/spectra-data
12 error Darwin 14.1.0
13 error argv "node" "/usr/local/bin/npm" "run" "build"
14 error node v0.12.0
15 error npm  v2.5.1
16 error code ELIFECYCLE
17 error spectra-data@1.0.0 build: `gulp build`
17 error Exit status 127
18 error Failed at the spectra-data@1.0.0 build script 'gulp build'.
18 error This is most likely a problem with the spectra-data package,
18 error not with npm itself.
18 error Tell the author that this fails on your system:
18 error     gulp build
18 error You can get their info via:
18 error     npm owner ls spectra-data
18 error There is likely additional logging output above.
19 verbose exit [ 1, true ]
